ARM GAS  C:\Users\24120\AppData\Local\Temp\ccObGpMp.s 			page 1


   1              		.cpu cortex-m4
   2              		.arch armv7e-m
   3              		.fpu fpv4-sp-d16
   4              		.eabi_attribute 27, 1
   5              		.eabi_attribute 28, 1
   6              		.eabi_attribute 20, 1
   7              		.eabi_attribute 21, 1
   8              		.eabi_attribute 23, 3
   9              		.eabi_attribute 24, 1
  10              		.eabi_attribute 25, 1
  11              		.eabi_attribute 26, 1
  12              		.eabi_attribute 30, 1
  13              		.eabi_attribute 34, 1
  14              		.eabi_attribute 18, 4
  15              		.file	"delay_us.c"
  16              		.text
  17              	.Ltext0:
  18              		.cfi_sections	.debug_frame
  19              		.file 1 "BSP/delay_us.c"
  20              		.section	.text.delay_us_init,"ax",%progbits
  21              		.align	1
  22              		.global	delay_us_init
  23              		.syntax unified
  24              		.thumb
  25              		.thumb_func
  27              	delay_us_init:
  28              	.LFB239:
   1:BSP/delay_us.c **** /**
   2:BSP/delay_us.c ****  * @file    delay_us.c
   3:BSP/delay_us.c ****  * @brief   公共微秒延时服务实现
   4:BSP/delay_us.c ****  * @details 基于 Cortex-M DWT CYCCNT 实现，
   5:BSP/delay_us.c ****  *          使用静态标志确保 DWT 只初始化一次。
   6:BSP/delay_us.c ****  *
   7:BSP/delay_us.c ****  * @note    编码: UTF-8
   8:BSP/delay_us.c ****  */
   9:BSP/delay_us.c **** 
  10:BSP/delay_us.c **** #include "delay_us.h"
  11:BSP/delay_us.c **** #include "main.h"          /* 提供 SystemCoreClock */
  12:BSP/delay_us.c **** 
  13:BSP/delay_us.c **** static volatile uint8_t s_dwt_inited = 0;
  14:BSP/delay_us.c **** 
  15:BSP/delay_us.c **** void delay_us_init(void)
  16:BSP/delay_us.c **** {
  29              		.loc 1 16 1 view -0
  30              		.cfi_startproc
  31              		@ args = 0, pretend = 0, frame = 0
  32              		@ frame_needed = 0, uses_anonymous_args = 0
  33              		@ link register save eliminated.
  17:BSP/delay_us.c ****     if (s_dwt_inited) {
  34              		.loc 1 17 5 view .LVU1
  35              		.loc 1 17 9 is_stmt 0 view .LVU2
  36 0000 0A4B     		ldr	r3, .L3
  37 0002 1B78     		ldrb	r3, [r3]	@ zero_extendqisi2
  38              		.loc 1 17 8 view .LVU3
  39 0004 83B9     		cbnz	r3, .L1
  18:BSP/delay_us.c ****         return;             /* 已初始化过，跳过 */
  19:BSP/delay_us.c ****     }
ARM GAS  C:\Users\24120\AppData\Local\Temp\ccObGpMp.s 			page 2


  20:BSP/delay_us.c ****     s_dwt_inited = 1;
  40              		.loc 1 20 5 is_stmt 1 view .LVU4
  41              		.loc 1 20 18 is_stmt 0 view .LVU5
  42 0006 094B     		ldr	r3, .L3
  43 0008 0122     		movs	r2, #1
  44 000a 1A70     		strb	r2, [r3]
  21:BSP/delay_us.c **** 
  22:BSP/delay_us.c ****     CoreDebug->DEMCR |= CoreDebug_DEMCR_TRCENA_Msk;
  45              		.loc 1 22 5 is_stmt 1 view .LVU6
  46              		.loc 1 22 14 is_stmt 0 view .LVU7
  47 000c 084A     		ldr	r2, .L3+4
  48 000e D2F8FC30 		ldr	r3, [r2, #252]
  49              		.loc 1 22 22 view .LVU8
  50 0012 43F08073 		orr	r3, r3, #16777216
  51 0016 C2F8FC30 		str	r3, [r2, #252]
  23:BSP/delay_us.c ****     DWT->CTRL |= DWT_CTRL_CYCCNTENA_Msk;
  52              		.loc 1 23 5 is_stmt 1 view .LVU9
  53              		.loc 1 23 8 is_stmt 0 view .LVU10
  54 001a 064B     		ldr	r3, .L3+8
  55 001c 1A68     		ldr	r2, [r3]
  56              		.loc 1 23 15 view .LVU11
  57 001e 42F00102 		orr	r2, r2, #1
  58 0022 1A60     		str	r2, [r3]
  24:BSP/delay_us.c ****     DWT->CYCCNT = 0;
  59              		.loc 1 24 5 is_stmt 1 view .LVU12
  60              		.loc 1 24 17 is_stmt 0 view .LVU13
  61 0024 0022     		movs	r2, #0
  62 0026 5A60     		str	r2, [r3, #4]
  63              	.L1:
  25:BSP/delay_us.c **** }
  64              		.loc 1 25 1 view .LVU14
  65 0028 7047     		bx	lr
  66              	.L4:
  67 002a 00BF     		.align	2
  68              	.L3:
  69 002c 00000000 		.word	s_dwt_inited
  70 0030 00ED00E0 		.word	-536810240
  71 0034 001000E0 		.word	-536866816
  72              		.cfi_endproc
  73              	.LFE239:
  75              		.section	.text.delay_us,"ax",%progbits
  76              		.align	1
  77              		.global	delay_us
  78              		.syntax unified
  79              		.thumb
  80              		.thumb_func
  82              	delay_us:
  83              	.LVL0:
  84              	.LFB240:
  26:BSP/delay_us.c **** 
  27:BSP/delay_us.c **** void delay_us(uint32_t us)
  28:BSP/delay_us.c **** {
  85              		.loc 1 28 1 is_stmt 1 view -0
  86              		.cfi_startproc
  87              		@ args = 0, pretend = 0, frame = 0
  88              		@ frame_needed = 0, uses_anonymous_args = 0
  89              		@ link register save eliminated.
ARM GAS  C:\Users\24120\AppData\Local\Temp\ccObGpMp.s 			page 3


  29:BSP/delay_us.c ****     uint32_t cycles = (SystemCoreClock / 1000000L) * us;
  90              		.loc 1 29 5 view .LVU16
  91              		.loc 1 29 40 is_stmt 0 view .LVU17
  92 0000 074B     		ldr	r3, .L7
  93 0002 1B68     		ldr	r3, [r3]
  94 0004 074A     		ldr	r2, .L7+4
  95 0006 A2FB0323 		umull	r2, r3, r2, r3
  96 000a 9B0C     		lsrs	r3, r3, #18
  97              		.loc 1 29 14 view .LVU18
  98 000c 03FB00F0 		mul	r0, r3, r0
  99              	.LVL1:
  30:BSP/delay_us.c ****     uint32_t start  = DWT->CYCCNT;
 100              		.loc 1 30 5 is_stmt 1 view .LVU19
 101              		.loc 1 30 14 is_stmt 0 view .LVU20
 102 0010 054B     		ldr	r3, .L7+8
 103 0012 5A68     		ldr	r2, [r3, #4]
 104              	.LVL2:
  31:BSP/delay_us.c **** 
  32:BSP/delay_us.c ****     while ((DWT->CYCCNT - start) < cycles);
 105              		.loc 1 32 5 is_stmt 1 view .LVU21
 106              	.L6:
 107              		.loc 1 32 34 discriminator 1 view .LVU22
 108              		.loc 1 32 16 is_stmt 0 discriminator 1 view .LVU23
 109 0014 044B     		ldr	r3, .L7+8
 110 0016 5B68     		ldr	r3, [r3, #4]
 111              		.loc 1 32 25 discriminator 1 view .LVU24
 112 0018 9B1A     		subs	r3, r3, r2
 113              		.loc 1 32 34 discriminator 1 view .LVU25
 114 001a 8342     		cmp	r3, r0
 115 001c FAD3     		bcc	.L6
  33:BSP/delay_us.c **** }
 116              		.loc 1 33 1 view .LVU26
 117 001e 7047     		bx	lr
 118              	.L8:
 119              		.align	2
 120              	.L7:
 121 0020 00000000 		.word	SystemCoreClock
 122 0024 83DE1B43 		.word	1125899907
 123 0028 001000E0 		.word	-536866816
 124              		.cfi_endproc
 125              	.LFE240:
 127              		.section	.bss.s_dwt_inited,"aw",%nobits
 130              	s_dwt_inited:
 131 0000 00       		.space	1
 132              		.text
 133              	.Letext0:
 134              		.file 2 "E:/STM32/Tools/arm-none-eabi-gcc/14.2.1-1.1.1/.content/arm-none-eabi/include/machine/_def
 135              		.file 3 "E:/STM32/Tools/arm-none-eabi-gcc/14.2.1-1.1.1/.content/arm-none-eabi/include/sys/_stdint.
 136              		.file 4 "Drivers/CMSIS/Include/core_cm4.h"
 137              		.file 5 "Drivers/CMSIS/Device/ST/STM32F4xx/Include/system_stm32f4xx.h"
ARM GAS  C:\Users\24120\AppData\Local\Temp\ccObGpMp.s 			page 4


DEFINED SYMBOLS
                            *ABS*:00000000 delay_us.c
C:\Users\24120\AppData\Local\Temp\ccObGpMp.s:21     .text.delay_us_init:00000000 $t
C:\Users\24120\AppData\Local\Temp\ccObGpMp.s:27     .text.delay_us_init:00000000 delay_us_init
C:\Users\24120\AppData\Local\Temp\ccObGpMp.s:69     .text.delay_us_init:0000002c $d
C:\Users\24120\AppData\Local\Temp\ccObGpMp.s:130    .bss.s_dwt_inited:00000000 s_dwt_inited
C:\Users\24120\AppData\Local\Temp\ccObGpMp.s:76     .text.delay_us:00000000 $t
C:\Users\24120\AppData\Local\Temp\ccObGpMp.s:82     .text.delay_us:00000000 delay_us
C:\Users\24120\AppData\Local\Temp\ccObGpMp.s:121    .text.delay_us:00000020 $d
C:\Users\24120\AppData\Local\Temp\ccObGpMp.s:131    .bss.s_dwt_inited:00000000 $d

UNDEFINED SYMBOLS
SystemCoreClock
