ARM GAS  C:\Users\24120\AppData\Local\Temp\ccoQUhhJ.s 			page 1


   1              		.cpu cortex-m4
   2              		.arch armv7e-m
   3              		.fpu fpv4-sp-d16
   4              		.eabi_attribute 27, 1
   5              		.eabi_attribute 28, 1
   6              		.eabi_attribute 20, 1
   7              		.eabi_attribute 21, 1
   8              		.eabi_attribute 23, 3
   9              		.eabi_attribute 24, 1
  10              		.eabi_attribute 25, 1
  11              		.eabi_attribute 26, 1
  12              		.eabi_attribute 30, 1
  13              		.eabi_attribute 34, 1
  14              		.eabi_attribute 18, 4
  15              		.file	"ds18B20.c"
  16              		.text
  17              	.Ltext0:
  18              		.cfi_sections	.debug_frame
  19              		.file 1 "BSP/ds18B20.c"
  20              		.section	.text.ResetDS18B20,"ax",%progbits
  21              		.align	1
  22              		.global	ResetDS18B20
  23              		.syntax unified
  24              		.thumb
  25              		.thumb_func
  27              	ResetDS18B20:
  28              	.LFB243:
   1:BSP/ds18B20.c **** #include "ds18B20.h"
   2:BSP/ds18B20.c **** #include "delay_us.h"   /* Õģ?Õģ▒ÕŠ«ń¦ÆÕ╗ČµŚČµ£ŹÕŖ? */
   3:BSP/ds18B20.c **** #include "FreeRTOS.h"   /* FreeRTOS Õ¤║ń?ĆÕż┤µ¢ćõ╗Č’╝īķĪ╗Õ£© task.h õ╣ŗÕēŹ */
   4:BSP/ds18B20.c **** #include "task.h"       /* taskENTER_CRITICAL / taskEXIT_CRITICAL */
   5:BSP/ds18B20.c **** 
   6:BSP/ds18B20.c **** /* DS18B20 ╩²Š▌ę²Į┼Č©ęÕ (PE0 / TEMP) */
   7:BSP/ds18B20.c **** #define DATA_GPIO_Port   GPIOE
   8:BSP/ds18B20.c **** #define DATA_Pin         TEMP_Pin
   9:BSP/ds18B20.c **** 
  10:BSP/ds18B20.c **** #define EnableINT()
  11:BSP/ds18B20.c **** #define DisableINT()
  12:BSP/ds18B20.c **** 
  13:BSP/ds18B20.c **** #define DS_PRECISION 		0x7f   //ń▓ŠÕ║”ķģŹńĮ«Õ»äÕŁśÕÖ? 1f=9õĮ?; 3f=10õĮ?; 5f=11õĮ?; 7f=12õĮ?;
  14:BSP/ds18B20.c **** #define DS_AlarmTH  		0x64
  15:BSP/ds18B20.c **** #define DS_AlarmTL  		0x8a
  16:BSP/ds18B20.c **** #define DS_CONVERT_TICK 1000
  17:BSP/ds18B20.c **** 
  18:BSP/ds18B20.c **** #define ResetDQ() HAL_GPIO_WritePin(DATA_GPIO_Port, DATA_Pin, GPIO_PIN_RESET)
  19:BSP/ds18B20.c **** #define SetDQ()  	HAL_GPIO_WritePin(DATA_GPIO_Port, DATA_Pin, GPIO_PIN_SET)
  20:BSP/ds18B20.c **** #define GetDQ()  	HAL_GPIO_ReadPin(DATA_GPIO_Port, DATA_Pin) 
  21:BSP/ds18B20.c **** 
  22:BSP/ds18B20.c **** unsigned char ResetDS18B20(void)
  23:BSP/ds18B20.c **** {
  29              		.loc 1 23 1 view -0
  30              		.cfi_startproc
  31              		@ args = 0, pretend = 0, frame = 0
  32              		@ frame_needed = 0, uses_anonymous_args = 0
  33 0000 10B5     		push	{r4, lr}
  34              	.LCFI0:
  35              		.cfi_def_cfa_offset 8
ARM GAS  C:\Users\24120\AppData\Local\Temp\ccoQUhhJ.s 			page 2


  36              		.cfi_offset 4, -8
  37              		.cfi_offset 14, -4
  24:BSP/ds18B20.c **** 	unsigned char resport;
  38              		.loc 1 24 2 view .LVU1
  25:BSP/ds18B20.c **** 	SetDQ();
  39              		.loc 1 25 2 view .LVU2
  40 0002 1F4C     		ldr	r4, .L8
  41 0004 0122     		movs	r2, #1
  42 0006 1146     		mov	r1, r2
  43 0008 2046     		mov	r0, r4
  44 000a FFF7FEFF 		bl	HAL_GPIO_WritePin
  45              	.LVL0:
  26:BSP/ds18B20.c **** 	delay_us(50);
  46              		.loc 1 26 2 view .LVU3
  47 000e 3220     		movs	r0, #50
  48 0010 FFF7FEFF 		bl	delay_us
  49              	.LVL1:
  27:BSP/ds18B20.c **** 
  28:BSP/ds18B20.c **** 	ResetDQ();
  50              		.loc 1 28 2 view .LVU4
  51 0014 0022     		movs	r2, #0
  52 0016 0121     		movs	r1, #1
  53 0018 2046     		mov	r0, r4
  54 001a FFF7FEFF 		bl	HAL_GPIO_WritePin
  55              	.LVL2:
  29:BSP/ds18B20.c **** 	delay_us(500);  //500us ’╝łĶ?źµŚČķŚ┤ńÜäµŚČķŚ┤ĶīāÕø┤ÕÅ?õ╗źõ╗Ä480Õł?960ÕŠ?ń¦Æ’╝ē
  56              		.loc 1 29 2 view .LVU5
  57 001e 4FF4FA70 		mov	r0, #500
  58 0022 FFF7FEFF 		bl	delay_us
  59              	.LVL3:
  30:BSP/ds18B20.c **** 	SetDQ();
  60              		.loc 1 30 2 view .LVU6
  61 0026 0122     		movs	r2, #1
  62 0028 1146     		mov	r1, r2
  63 002a 2046     		mov	r0, r4
  64 002c FFF7FEFF 		bl	HAL_GPIO_WritePin
  65              	.LVL4:
  31:BSP/ds18B20.c **** 
  32:BSP/ds18B20.c **** 	/* õĖ┤ńĢīÕī║’╝ÜķććµĀĘÕ║öńŁöĶäēÕå▓ńÜäń¬ŚÕÅŻõ╗ģ 15 ┬Ąs’╝īõĖŹĶāĮĶ??µŖóÕŹĀ */
  33:BSP/ds18B20.c **** 	taskENTER_CRITICAL();
  66              		.loc 1 33 2 view .LVU7
  67 0030 FFF7FEFF 		bl	vPortEnterCritical
  68              	.LVL5:
  34:BSP/ds18B20.c **** 
  35:BSP/ds18B20.c **** 	delay_us(40);
  69              		.loc 1 35 2 view .LVU8
  70 0034 2820     		movs	r0, #40
  71 0036 FFF7FEFF 		bl	delay_us
  72              	.LVL6:
  36:BSP/ds18B20.c **** 	uint16_t cnt = 0;
  73              		.loc 1 36 2 view .LVU9
  37:BSP/ds18B20.c **** 	while(GetDQ() && cnt < 500)
  74              		.loc 1 37 2 view .LVU10
  36:BSP/ds18B20.c **** 	uint16_t cnt = 0;
  75              		.loc 1 36 11 is_stmt 0 view .LVU11
  76 003a 0024     		movs	r4, #0
  77              	.LVL7:
ARM GAS  C:\Users\24120\AppData\Local\Temp\ccoQUhhJ.s 			page 3


  78              	.L2:
  79              		.loc 1 37 16 is_stmt 1 view .LVU12
  80              		.loc 1 37 8 is_stmt 0 view .LVU13
  81 003c 0121     		movs	r1, #1
  82 003e 1048     		ldr	r0, .L8
  83 0040 FFF7FEFF 		bl	HAL_GPIO_ReadPin
  84              	.LVL8:
  85              		.loc 1 37 16 discriminator 1 view .LVU14
  86 0044 40B1     		cbz	r0, .L3
  87 0046 B4F5FA7F 		cmp	r4, #500
  88 004a 05D2     		bcs	.L3
  38:BSP/ds18B20.c **** 	{
  39:BSP/ds18B20.c **** 		++cnt;
  89              		.loc 1 39 3 is_stmt 1 view .LVU15
  90 004c 0134     		adds	r4, r4, #1
  91              	.LVL9:
  92              		.loc 1 39 3 is_stmt 0 view .LVU16
  93 004e A4B2     		uxth	r4, r4
  94              	.LVL10:
  40:BSP/ds18B20.c **** 		delay_us(1);
  95              		.loc 1 40 3 is_stmt 1 view .LVU17
  96 0050 0120     		movs	r0, #1
  97 0052 FFF7FEFF 		bl	delay_us
  98              	.LVL11:
  99 0056 F1E7     		b	.L2
 100              	.L3:
  41:BSP/ds18B20.c **** 	}
  42:BSP/ds18B20.c **** 	if (cnt >= 500)
 101              		.loc 1 42 2 view .LVU18
 102              		.loc 1 42 5 is_stmt 0 view .LVU19
 103 0058 B4F5FA7F 		cmp	r4, #500
 104 005c 0DD3     		bcc	.L6
  43:BSP/ds18B20.c **** 		resport = 1;
 105              		.loc 1 43 11 view .LVU20
 106 005e 0124     		movs	r4, #1
 107              	.LVL12:
 108              	.L5:
  44:BSP/ds18B20.c **** 	else
  45:BSP/ds18B20.c **** 		resport = 0;
  46:BSP/ds18B20.c **** 
  47:BSP/ds18B20.c **** 	taskEXIT_CRITICAL();
 109              		.loc 1 47 2 is_stmt 1 view .LVU21
 110 0060 FFF7FEFF 		bl	vPortExitCritical
 111              	.LVL13:
  48:BSP/ds18B20.c **** 
  49:BSP/ds18B20.c **** 	delay_us(500);  //500us
 112              		.loc 1 49 2 view .LVU22
 113 0064 4FF4FA70 		mov	r0, #500
 114 0068 FFF7FEFF 		bl	delay_us
 115              	.LVL14:
  50:BSP/ds18B20.c **** 	SetDQ();
 116              		.loc 1 50 2 view .LVU23
 117 006c 0122     		movs	r2, #1
 118 006e 1146     		mov	r1, r2
 119 0070 0348     		ldr	r0, .L8
 120 0072 FFF7FEFF 		bl	HAL_GPIO_WritePin
 121              	.LVL15:
ARM GAS  C:\Users\24120\AppData\Local\Temp\ccoQUhhJ.s 			page 4


  51:BSP/ds18B20.c **** 	return resport;
 122              		.loc 1 51 2 view .LVU24
  52:BSP/ds18B20.c **** }
 123              		.loc 1 52 1 is_stmt 0 view .LVU25
 124 0076 2046     		mov	r0, r4
 125 0078 10BD     		pop	{r4, pc}
 126              	.LVL16:
 127              	.L6:
  45:BSP/ds18B20.c **** 
 128              		.loc 1 45 11 view .LVU26
 129 007a 0024     		movs	r4, #0
 130              	.LVL17:
  45:BSP/ds18B20.c **** 
 131              		.loc 1 45 11 view .LVU27
 132 007c F0E7     		b	.L5
 133              	.L9:
 134 007e 00BF     		.align	2
 135              	.L8:
 136 0080 00100240 		.word	1073876992
 137              		.cfi_endproc
 138              	.LFE243:
 140              		.section	.text.DS18B20WriteByte,"ax",%progbits
 141              		.align	1
 142              		.global	DS18B20WriteByte
 143              		.syntax unified
 144              		.thumb
 145              		.thumb_func
 147              	DS18B20WriteByte:
 148              	.LVL18:
 149              	.LFB244:
  53:BSP/ds18B20.c **** 
  54:BSP/ds18B20.c **** void DS18B20WriteByte(unsigned char Dat)
  55:BSP/ds18B20.c **** {
 150              		.loc 1 55 1 is_stmt 1 view -0
 151              		.cfi_startproc
 152              		@ args = 0, pretend = 0, frame = 0
 153              		@ frame_needed = 0, uses_anonymous_args = 0
 154              		.loc 1 55 1 is_stmt 0 view .LVU29
 155 0000 38B5     		push	{r3, r4, r5, lr}
 156              	.LCFI1:
 157              		.cfi_def_cfa_offset 16
 158              		.cfi_offset 3, -16
 159              		.cfi_offset 4, -12
 160              		.cfi_offset 5, -8
 161              		.cfi_offset 14, -4
 162 0002 0546     		mov	r5, r0
  56:BSP/ds18B20.c **** 	unsigned char i;
 163              		.loc 1 56 2 is_stmt 1 view .LVU30
  57:BSP/ds18B20.c **** 	for(i = 8; i > 0; i--)
 164              		.loc 1 57 2 view .LVU31
 165              	.LVL19:
 166              		.loc 1 57 8 is_stmt 0 view .LVU32
 167 0004 0824     		movs	r4, #8
 168              		.loc 1 57 2 view .LVU33
 169 0006 14E0     		b	.L11
 170              	.LVL20:
 171              	.L12:
ARM GAS  C:\Users\24120\AppData\Local\Temp\ccoQUhhJ.s 			page 5


  58:BSP/ds18B20.c **** 	{
  59:BSP/ds18B20.c **** 		/* õĖ┤ńĢīÕī║’╝Üķś▓µ?óÕ£©Õå? '1' µŚČõĮÄńöĄÕ╣│Ķó?µŗēķĢ┐ĶČģĶ┐ć 15 ┬Ąs
  60:BSP/ds18B20.c **** 		 * õ┐ØµŖżµŚČķŚ┤ń║? 5-7 ┬Ąs/bit’╝?8 bit ÕÉłĶ?Īń║” 48 ┬Ąs */
  61:BSP/ds18B20.c **** 		taskENTER_CRITICAL();
  62:BSP/ds18B20.c **** 
  63:BSP/ds18B20.c **** 		ResetDQ();
  64:BSP/ds18B20.c **** 		delay_us(5);
  65:BSP/ds18B20.c **** 		if(Dat & 0x01)
  66:BSP/ds18B20.c **** 			SetDQ();
  67:BSP/ds18B20.c **** 		else
  68:BSP/ds18B20.c **** 			ResetDQ();
 172              		.loc 1 68 4 is_stmt 1 view .LVU34
 173 0008 0022     		movs	r2, #0
 174 000a 0121     		movs	r1, #1
 175 000c 1348     		ldr	r0, .L17
 176 000e FFF7FEFF 		bl	HAL_GPIO_WritePin
 177              	.LVL21:
 178              	.L13:
  69:BSP/ds18B20.c **** 
  70:BSP/ds18B20.c **** 		taskEXIT_CRITICAL();
 179              		.loc 1 70 3 view .LVU35
 180 0012 FFF7FEFF 		bl	vPortExitCritical
 181              	.LVL22:
  71:BSP/ds18B20.c **** 
  72:BSP/ds18B20.c **** 		delay_us(65);
 182              		.loc 1 72 3 view .LVU36
 183 0016 4120     		movs	r0, #65
 184 0018 FFF7FEFF 		bl	delay_us
 185              	.LVL23:
  73:BSP/ds18B20.c **** 		SetDQ();
 186              		.loc 1 73 3 view .LVU37
 187 001c 0122     		movs	r2, #1
 188 001e 1146     		mov	r1, r2
 189 0020 0E48     		ldr	r0, .L17
 190 0022 FFF7FEFF 		bl	HAL_GPIO_WritePin
 191              	.LVL24:
  74:BSP/ds18B20.c **** 		delay_us(2);
 192              		.loc 1 74 3 view .LVU38
 193 0026 0220     		movs	r0, #2
 194 0028 FFF7FEFF 		bl	delay_us
 195              	.LVL25:
  75:BSP/ds18B20.c **** 		Dat >>= 1;
 196              		.loc 1 75 3 view .LVU39
 197              		.loc 1 75 7 is_stmt 0 view .LVU40
 198 002c 6D08     		lsrs	r5, r5, #1
 199              	.LVL26:
  57:BSP/ds18B20.c **** 	{
 200              		.loc 1 57 21 is_stmt 1 discriminator 2 view .LVU41
 201 002e 013C     		subs	r4, r4, #1
 202              	.LVL27:
  57:BSP/ds18B20.c **** 	{
 203              		.loc 1 57 21 is_stmt 0 discriminator 2 view .LVU42
 204 0030 E4B2     		uxtb	r4, r4
 205              	.LVL28:
 206              	.L11:
  57:BSP/ds18B20.c **** 	{
 207              		.loc 1 57 15 is_stmt 1 discriminator 1 view .LVU43
ARM GAS  C:\Users\24120\AppData\Local\Temp\ccoQUhhJ.s 			page 6


 208 0032 94B1     		cbz	r4, .L16
  61:BSP/ds18B20.c **** 
 209              		.loc 1 61 3 view .LVU44
 210 0034 FFF7FEFF 		bl	vPortEnterCritical
 211              	.LVL29:
  63:BSP/ds18B20.c **** 		delay_us(5);
 212              		.loc 1 63 3 view .LVU45
 213 0038 0022     		movs	r2, #0
 214 003a 0121     		movs	r1, #1
 215 003c 0748     		ldr	r0, .L17
 216 003e FFF7FEFF 		bl	HAL_GPIO_WritePin
 217              	.LVL30:
  64:BSP/ds18B20.c **** 		if(Dat & 0x01)
 218              		.loc 1 64 3 view .LVU46
 219 0042 0520     		movs	r0, #5
 220 0044 FFF7FEFF 		bl	delay_us
 221              	.LVL31:
  65:BSP/ds18B20.c **** 			SetDQ();
 222              		.loc 1 65 3 view .LVU47
  65:BSP/ds18B20.c **** 			SetDQ();
 223              		.loc 1 65 5 is_stmt 0 view .LVU48
 224 0048 15F0010F 		tst	r5, #1
 225 004c DCD0     		beq	.L12
  66:BSP/ds18B20.c **** 		else
 226              		.loc 1 66 4 is_stmt 1 view .LVU49
 227 004e 0122     		movs	r2, #1
 228 0050 1146     		mov	r1, r2
 229 0052 0248     		ldr	r0, .L17
 230 0054 FFF7FEFF 		bl	HAL_GPIO_WritePin
 231              	.LVL32:
 232 0058 DBE7     		b	.L13
 233              	.L16:
  76:BSP/ds18B20.c **** 	}
  77:BSP/ds18B20.c **** }
 234              		.loc 1 77 1 is_stmt 0 view .LVU50
 235 005a 38BD     		pop	{r3, r4, r5, pc}
 236              	.LVL33:
 237              	.L18:
 238              		.loc 1 77 1 view .LVU51
 239              		.align	2
 240              	.L17:
 241 005c 00100240 		.word	1073876992
 242              		.cfi_endproc
 243              	.LFE244:
 245              		.section	.text.DS18B20ReadByte,"ax",%progbits
 246              		.align	1
 247              		.global	DS18B20ReadByte
 248              		.syntax unified
 249              		.thumb
 250              		.thumb_func
 252              	DS18B20ReadByte:
 253              	.LFB245:
  78:BSP/ds18B20.c **** 
  79:BSP/ds18B20.c **** 
  80:BSP/ds18B20.c **** unsigned char DS18B20ReadByte(void)
  81:BSP/ds18B20.c **** {
 254              		.loc 1 81 1 is_stmt 1 view -0
ARM GAS  C:\Users\24120\AppData\Local\Temp\ccoQUhhJ.s 			page 7


 255              		.cfi_startproc
 256              		@ args = 0, pretend = 0, frame = 0
 257              		@ frame_needed = 0, uses_anonymous_args = 0
 258 0000 70B5     		push	{r4, r5, r6, lr}
 259              	.LCFI2:
 260              		.cfi_def_cfa_offset 16
 261              		.cfi_offset 4, -16
 262              		.cfi_offset 5, -12
 263              		.cfi_offset 6, -8
 264              		.cfi_offset 14, -4
 265 0002 0025     		movs	r5, #0
  82:BSP/ds18B20.c **** 	unsigned char i,Dat;
 266              		.loc 1 82 2 view .LVU53
  83:BSP/ds18B20.c **** 	SetDQ();
 267              		.loc 1 83 2 view .LVU54
 268 0004 0122     		movs	r2, #1
 269 0006 1146     		mov	r1, r2
 270 0008 1A48     		ldr	r0, .L25
 271 000a FFF7FEFF 		bl	HAL_GPIO_WritePin
 272              	.LVL34:
  84:BSP/ds18B20.c **** 	delay_us(5);
 273              		.loc 1 84 2 view .LVU55
 274 000e 0520     		movs	r0, #5
 275 0010 FFF7FEFF 		bl	delay_us
 276              	.LVL35:
  85:BSP/ds18B20.c **** 	for(i = 8; i > 0; i--)
 277              		.loc 1 85 2 view .LVU56
 278              		.loc 1 85 8 is_stmt 0 view .LVU57
 279 0014 0824     		movs	r4, #8
 280              		.loc 1 85 2 view .LVU58
 281 0016 0BE0     		b	.L20
 282              	.LVL36:
 283              	.L21:
  86:BSP/ds18B20.c **** 	{
  87:BSP/ds18B20.c **** 		Dat >>= 1;
  88:BSP/ds18B20.c **** 
  89:BSP/ds18B20.c **** 		/* õĖ┤ńĢīÕī║’╝Üõ╗ÄµŗēõĮÄÕł░ķććµĀĘÕ┐ģķĪ╗Õ£? 15 ┬Ąs ÕåģÕ«īµł?
  90:BSP/ds18B20.c **** 		 * õ┐ØµŖżµŚČķŚ┤ń║? 15 ┬Ąs/bit’╝?8 bit ÕÉłĶ?Īń║” 120 ┬Ąs */
  91:BSP/ds18B20.c **** 		taskENTER_CRITICAL();
  92:BSP/ds18B20.c **** 
  93:BSP/ds18B20.c **** 		ResetDQ();
  94:BSP/ds18B20.c **** 		delay_us(5);
  95:BSP/ds18B20.c **** 		SetDQ();
  96:BSP/ds18B20.c **** 		delay_us(5);
  97:BSP/ds18B20.c **** 		if(GetDQ())
  98:BSP/ds18B20.c **** 			Dat |= 0x80;
  99:BSP/ds18B20.c **** 		else
 100:BSP/ds18B20.c **** 			Dat &= 0x7f;
 101:BSP/ds18B20.c **** 
 102:BSP/ds18B20.c **** 		taskEXIT_CRITICAL();
 284              		.loc 1 102 3 is_stmt 1 view .LVU59
 285 0018 FFF7FEFF 		bl	vPortExitCritical
 286              	.LVL37:
 103:BSP/ds18B20.c **** 
 104:BSP/ds18B20.c **** 		delay_us(65);
 287              		.loc 1 104 3 view .LVU60
 288 001c 4120     		movs	r0, #65
ARM GAS  C:\Users\24120\AppData\Local\Temp\ccoQUhhJ.s 			page 8


 289 001e FFF7FEFF 		bl	delay_us
 290              	.LVL38:
 105:BSP/ds18B20.c **** 		SetDQ();
 291              		.loc 1 105 3 view .LVU61
 292 0022 0122     		movs	r2, #1
 293 0024 1146     		mov	r1, r2
 294 0026 1348     		ldr	r0, .L25
 295 0028 FFF7FEFF 		bl	HAL_GPIO_WritePin
 296              	.LVL39:
  85:BSP/ds18B20.c **** 	{
 297              		.loc 1 85 21 discriminator 2 view .LVU62
 298 002c 013C     		subs	r4, r4, #1
 299              	.LVL40:
  85:BSP/ds18B20.c **** 	{
 300              		.loc 1 85 21 is_stmt 0 discriminator 2 view .LVU63
 301 002e E4B2     		uxtb	r4, r4
 302              	.LVL41:
 303              	.L20:
  85:BSP/ds18B20.c **** 	{
 304              		.loc 1 85 15 is_stmt 1 discriminator 1 view .LVU64
 305 0030 ECB1     		cbz	r4, .L24
  87:BSP/ds18B20.c **** 
 306              		.loc 1 87 3 view .LVU65
  87:BSP/ds18B20.c **** 
 307              		.loc 1 87 7 is_stmt 0 view .LVU66
 308 0032 6D08     		lsrs	r5, r5, #1
 309              	.LVL42:
  91:BSP/ds18B20.c **** 
 310              		.loc 1 91 3 is_stmt 1 view .LVU67
 311 0034 FFF7FEFF 		bl	vPortEnterCritical
 312              	.LVL43:
  93:BSP/ds18B20.c **** 		delay_us(5);
 313              		.loc 1 93 3 view .LVU68
 314 0038 0E4E     		ldr	r6, .L25
 315 003a 0022     		movs	r2, #0
 316 003c 0121     		movs	r1, #1
 317 003e 3046     		mov	r0, r6
 318 0040 FFF7FEFF 		bl	HAL_GPIO_WritePin
 319              	.LVL44:
  94:BSP/ds18B20.c **** 		SetDQ();
 320              		.loc 1 94 3 view .LVU69
 321 0044 0520     		movs	r0, #5
 322 0046 FFF7FEFF 		bl	delay_us
 323              	.LVL45:
  95:BSP/ds18B20.c **** 		delay_us(5);
 324              		.loc 1 95 3 view .LVU70
 325 004a 0122     		movs	r2, #1
 326 004c 1146     		mov	r1, r2
 327 004e 3046     		mov	r0, r6
 328 0050 FFF7FEFF 		bl	HAL_GPIO_WritePin
 329              	.LVL46:
  96:BSP/ds18B20.c **** 		if(GetDQ())
 330              		.loc 1 96 3 view .LVU71
 331 0054 0520     		movs	r0, #5
 332 0056 FFF7FEFF 		bl	delay_us
 333              	.LVL47:
  97:BSP/ds18B20.c **** 			Dat |= 0x80;
ARM GAS  C:\Users\24120\AppData\Local\Temp\ccoQUhhJ.s 			page 9


 334              		.loc 1 97 3 view .LVU72
  97:BSP/ds18B20.c **** 			Dat |= 0x80;
 335              		.loc 1 97 6 is_stmt 0 view .LVU73
 336 005a 0121     		movs	r1, #1
 337 005c 3046     		mov	r0, r6
 338 005e FFF7FEFF 		bl	HAL_GPIO_ReadPin
 339              	.LVL48:
  97:BSP/ds18B20.c **** 			Dat |= 0x80;
 340              		.loc 1 97 5 discriminator 1 view .LVU74
 341 0062 0028     		cmp	r0, #0
 342 0064 D8D0     		beq	.L21
  98:BSP/ds18B20.c **** 		else
 343              		.loc 1 98 4 is_stmt 1 view .LVU75
  98:BSP/ds18B20.c **** 		else
 344              		.loc 1 98 8 is_stmt 0 view .LVU76
 345 0066 65F07F05 		orn	r5, r5, #127
 346              	.LVL49:
  98:BSP/ds18B20.c **** 		else
 347              		.loc 1 98 8 view .LVU77
 348 006a EDB2     		uxtb	r5, r5
 349 006c D4E7     		b	.L21
 350              	.LVL50:
 351              	.L24:
 106:BSP/ds18B20.c **** 	}
 107:BSP/ds18B20.c **** 	return Dat;
 352              		.loc 1 107 2 is_stmt 1 view .LVU78
 108:BSP/ds18B20.c **** }
 353              		.loc 1 108 1 is_stmt 0 view .LVU79
 354 006e 2846     		mov	r0, r5
 355 0070 70BD     		pop	{r4, r5, r6, pc}
 356              	.LVL51:
 357              	.L26:
 358              		.loc 1 108 1 view .LVU80
 359 0072 00BF     		.align	2
 360              	.L25:
 361 0074 00100240 		.word	1073876992
 362              		.cfi_endproc
 363              	.LFE245:
 365              		.section	.text.ReadRom,"ax",%progbits
 366              		.align	1
 367              		.global	ReadRom
 368              		.syntax unified
 369              		.thumb
 370              		.thumb_func
 372              	ReadRom:
 373              	.LVL52:
 374              	.LFB246:
 109:BSP/ds18B20.c **** 
 110:BSP/ds18B20.c **** void ReadRom(unsigned char *Read_Addr)
 111:BSP/ds18B20.c **** {
 375              		.loc 1 111 1 is_stmt 1 view -0
 376              		.cfi_startproc
 377              		@ args = 0, pretend = 0, frame = 0
 378              		@ frame_needed = 0, uses_anonymous_args = 0
 379              		.loc 1 111 1 is_stmt 0 view .LVU82
 380 0000 38B5     		push	{r3, r4, r5, lr}
 381              	.LCFI3:
ARM GAS  C:\Users\24120\AppData\Local\Temp\ccoQUhhJ.s 			page 10


 382              		.cfi_def_cfa_offset 16
 383              		.cfi_offset 3, -16
 384              		.cfi_offset 4, -12
 385              		.cfi_offset 5, -8
 386              		.cfi_offset 14, -4
 387 0002 0546     		mov	r5, r0
 112:BSP/ds18B20.c **** 	unsigned char i;
 388              		.loc 1 112 2 is_stmt 1 view .LVU83
 113:BSP/ds18B20.c **** 
 114:BSP/ds18B20.c **** 	DS18B20WriteByte(ReadROM);
 389              		.loc 1 114 2 view .LVU84
 390 0004 3320     		movs	r0, #51
 391              	.LVL53:
 392              		.loc 1 114 2 is_stmt 0 view .LVU85
 393 0006 FFF7FEFF 		bl	DS18B20WriteByte
 394              	.LVL54:
 115:BSP/ds18B20.c **** 	for(i = 8; i > 0; i--)
 395              		.loc 1 115 2 is_stmt 1 view .LVU86
 396              		.loc 1 115 8 is_stmt 0 view .LVU87
 397 000a 0824     		movs	r4, #8
 398              		.loc 1 115 2 view .LVU88
 399 000c 05E0     		b	.L28
 400              	.LVL55:
 401              	.L29:
 116:BSP/ds18B20.c **** 	{
 117:BSP/ds18B20.c **** 		*Read_Addr = DS18B20ReadByte();
 402              		.loc 1 117 3 is_stmt 1 view .LVU89
 403              		.loc 1 117 16 is_stmt 0 view .LVU90
 404 000e FFF7FEFF 		bl	DS18B20ReadByte
 405              	.LVL56:
 406              		.loc 1 117 14 discriminator 1 view .LVU91
 407 0012 05F8010B 		strb	r0, [r5], #1
 408              	.LVL57:
 118:BSP/ds18B20.c **** 		Read_Addr++;
 409              		.loc 1 118 3 is_stmt 1 view .LVU92
 115:BSP/ds18B20.c **** 	for(i = 8; i > 0; i--)
 410              		.loc 1 115 21 discriminator 3 view .LVU93
 411 0016 013C     		subs	r4, r4, #1
 412              	.LVL58:
 115:BSP/ds18B20.c **** 	for(i = 8; i > 0; i--)
 413              		.loc 1 115 21 is_stmt 0 discriminator 3 view .LVU94
 414 0018 E4B2     		uxtb	r4, r4
 415              	.LVL59:
 416              	.L28:
 115:BSP/ds18B20.c **** 	for(i = 8; i > 0; i--)
 417              		.loc 1 115 15 is_stmt 1 discriminator 1 view .LVU95
 418 001a 002C     		cmp	r4, #0
 419 001c F7D1     		bne	.L29
 119:BSP/ds18B20.c **** 	}
 120:BSP/ds18B20.c **** }
 420              		.loc 1 120 1 is_stmt 0 view .LVU96
 421 001e 38BD     		pop	{r3, r4, r5, pc}
 422              		.loc 1 120 1 view .LVU97
 423              		.cfi_endproc
 424              	.LFE246:
 426              		.section	.text.DS18B20Init,"ax",%progbits
 427              		.align	1
ARM GAS  C:\Users\24120\AppData\Local\Temp\ccoQUhhJ.s 			page 11


 428              		.global	DS18B20Init
 429              		.syntax unified
 430              		.thumb
 431              		.thumb_func
 433              	DS18B20Init:
 434              	.LVL60:
 435              	.LFB247:
 121:BSP/ds18B20.c **** 
 122:BSP/ds18B20.c **** void DS18B20Init(unsigned char Precision,unsigned char AlarmTH,unsigned char AlarmTL)
 123:BSP/ds18B20.c **** {
 436              		.loc 1 123 1 is_stmt 1 view -0
 437              		.cfi_startproc
 438              		@ args = 0, pretend = 0, frame = 0
 439              		@ frame_needed = 0, uses_anonymous_args = 0
 440              		.loc 1 123 1 is_stmt 0 view .LVU99
 441 0000 70B5     		push	{r4, r5, r6, lr}
 442              	.LCFI4:
 443              		.cfi_def_cfa_offset 16
 444              		.cfi_offset 4, -16
 445              		.cfi_offset 5, -12
 446              		.cfi_offset 6, -8
 447              		.cfi_offset 14, -4
 448 0002 0446     		mov	r4, r0
 449 0004 0D46     		mov	r5, r1
 450 0006 1646     		mov	r6, r2
 124:BSP/ds18B20.c **** 	DisableINT();
 451              		.loc 1 124 14 is_stmt 1 view .LVU100
 125:BSP/ds18B20.c **** 	ResetDS18B20();
 452              		.loc 1 125 2 view .LVU101
 453 0008 FFF7FEFF 		bl	ResetDS18B20
 454              	.LVL61:
 126:BSP/ds18B20.c **** 	
 127:BSP/ds18B20.c **** 	DS18B20WriteByte(SkipROM); 
 455              		.loc 1 127 2 view .LVU102
 456 000c CC20     		movs	r0, #204
 457 000e FFF7FEFF 		bl	DS18B20WriteByte
 458              	.LVL62:
 128:BSP/ds18B20.c **** 	DS18B20WriteByte(WriteScratchpad);
 459              		.loc 1 128 2 view .LVU103
 460 0012 4E20     		movs	r0, #78
 461 0014 FFF7FEFF 		bl	DS18B20WriteByte
 462              	.LVL63:
 129:BSP/ds18B20.c **** 	DS18B20WriteByte(AlarmTL);
 463              		.loc 1 129 2 view .LVU104
 464 0018 3046     		mov	r0, r6
 465 001a FFF7FEFF 		bl	DS18B20WriteByte
 466              	.LVL64:
 130:BSP/ds18B20.c **** 	DS18B20WriteByte(AlarmTH);
 467              		.loc 1 130 2 view .LVU105
 468 001e 2846     		mov	r0, r5
 469 0020 FFF7FEFF 		bl	DS18B20WriteByte
 470              	.LVL65:
 131:BSP/ds18B20.c **** 	DS18B20WriteByte(Precision);
 471              		.loc 1 131 2 view .LVU106
 472 0024 2046     		mov	r0, r4
 473 0026 FFF7FEFF 		bl	DS18B20WriteByte
 474              	.LVL66:
ARM GAS  C:\Users\24120\AppData\Local\Temp\ccoQUhhJ.s 			page 12


 132:BSP/ds18B20.c **** 
 133:BSP/ds18B20.c **** 	ResetDS18B20();
 475              		.loc 1 133 2 view .LVU107
 476 002a FFF7FEFF 		bl	ResetDS18B20
 477              	.LVL67:
 134:BSP/ds18B20.c **** 	DS18B20WriteByte(SkipROM); 
 478              		.loc 1 134 2 view .LVU108
 479 002e CC20     		movs	r0, #204
 480 0030 FFF7FEFF 		bl	DS18B20WriteByte
 481              	.LVL68:
 135:BSP/ds18B20.c **** 	DS18B20WriteByte(CopyScratchpad);
 482              		.loc 1 135 2 view .LVU109
 483 0034 4820     		movs	r0, #72
 484 0036 FFF7FEFF 		bl	DS18B20WriteByte
 485              	.LVL69:
 136:BSP/ds18B20.c **** 	EnableINT();
 486              		.loc 1 136 13 view .LVU110
 137:BSP/ds18B20.c **** 
 138:BSP/ds18B20.c **** 	while(!GetDQ());  //ńŁēÕŠģÕżŹÕłČÕ«īµłÉ ///////////
 487              		.loc 1 138 2 view .LVU111
 488              	.L32:
 489              		.loc 1 138 8 discriminator 1 view .LVU112
 490              		.loc 1 138 9 is_stmt 0 discriminator 1 view .LVU113
 491 003a 0121     		movs	r1, #1
 492 003c 0248     		ldr	r0, .L34
 493 003e FFF7FEFF 		bl	HAL_GPIO_ReadPin
 494              	.LVL70:
 495              		.loc 1 138 8 discriminator 1 view .LVU114
 496 0042 0028     		cmp	r0, #0
 497 0044 F9D0     		beq	.L32
 139:BSP/ds18B20.c **** }
 498              		.loc 1 139 1 view .LVU115
 499 0046 70BD     		pop	{r4, r5, r6, pc}
 500              	.LVL71:
 501              	.L35:
 502              		.loc 1 139 1 view .LVU116
 503              		.align	2
 504              	.L34:
 505 0048 00100240 		.word	1073876992
 506              		.cfi_endproc
 507              	.LFE247:
 509              		.section	.text.DS18B20StartConvert,"ax",%progbits
 510              		.align	1
 511              		.global	DS18B20StartConvert
 512              		.syntax unified
 513              		.thumb
 514              		.thumb_func
 516              	DS18B20StartConvert:
 517              	.LFB248:
 140:BSP/ds18B20.c **** 
 141:BSP/ds18B20.c **** void DS18B20StartConvert(void)
 142:BSP/ds18B20.c **** {
 518              		.loc 1 142 1 is_stmt 1 view -0
 519              		.cfi_startproc
 520              		@ args = 0, pretend = 0, frame = 0
 521              		@ frame_needed = 0, uses_anonymous_args = 0
 522 0000 08B5     		push	{r3, lr}
ARM GAS  C:\Users\24120\AppData\Local\Temp\ccoQUhhJ.s 			page 13


 523              	.LCFI5:
 524              		.cfi_def_cfa_offset 8
 525              		.cfi_offset 3, -8
 526              		.cfi_offset 14, -4
 143:BSP/ds18B20.c **** 	DisableINT();
 527              		.loc 1 143 14 view .LVU118
 144:BSP/ds18B20.c **** 	ResetDS18B20();
 528              		.loc 1 144 2 view .LVU119
 529 0002 FFF7FEFF 		bl	ResetDS18B20
 530              	.LVL72:
 145:BSP/ds18B20.c **** 	DS18B20WriteByte(SkipROM); 
 531              		.loc 1 145 2 view .LVU120
 532 0006 CC20     		movs	r0, #204
 533 0008 FFF7FEFF 		bl	DS18B20WriteByte
 534              	.LVL73:
 146:BSP/ds18B20.c **** 	DS18B20WriteByte(StartConvert); 
 535              		.loc 1 146 2 view .LVU121
 536 000c 4420     		movs	r0, #68
 537 000e FFF7FEFF 		bl	DS18B20WriteByte
 538              	.LVL74:
 147:BSP/ds18B20.c **** 	EnableINT();
 539              		.loc 1 147 13 view .LVU122
 148:BSP/ds18B20.c **** }
 540              		.loc 1 148 1 is_stmt 0 view .LVU123
 541 0012 08BD     		pop	{r3, pc}
 542              		.cfi_endproc
 543              	.LFE248:
 545              		.section	.text.DS18B20_Configuration,"ax",%progbits
 546              		.align	1
 547              		.global	DS18B20_Configuration
 548              		.syntax unified
 549              		.thumb
 550              		.thumb_func
 552              	DS18B20_Configuration:
 553              	.LFB249:
 149:BSP/ds18B20.c **** 
 150:BSP/ds18B20.c **** void DS18B20_Configuration(void)
 151:BSP/ds18B20.c **** {
 554              		.loc 1 151 1 is_stmt 1 view -0
 555              		.cfi_startproc
 556              		@ args = 0, pretend = 0, frame = 24
 557              		@ frame_needed = 0, uses_anonymous_args = 0
 558 0000 00B5     		push	{lr}
 559              	.LCFI6:
 560              		.cfi_def_cfa_offset 4
 561              		.cfi_offset 14, -4
 562 0002 87B0     		sub	sp, sp, #28
 563              	.LCFI7:
 564              		.cfi_def_cfa_offset 32
 152:BSP/ds18B20.c ****   GPIO_InitTypeDef GPIO_InitStruct = {0};
 565              		.loc 1 152 3 view .LVU125
 566              		.loc 1 152 20 is_stmt 0 view .LVU126
 567 0004 01A9     		add	r1, sp, #4
 568 0006 0023     		movs	r3, #0
 569 0008 0193     		str	r3, [sp, #4]
 570 000a 4B60     		str	r3, [r1, #4]
 571 000c 8B60     		str	r3, [r1, #8]
ARM GAS  C:\Users\24120\AppData\Local\Temp\ccoQUhhJ.s 			page 14


 572 000e CB60     		str	r3, [r1, #12]
 573 0010 0B61     		str	r3, [r1, #16]
 153:BSP/ds18B20.c **** 
 154:BSP/ds18B20.c ****   /* GPIO Ports Clock Enable */
 155:BSP/ds18B20.c ****   __HAL_RCC_GPIOE_CLK_ENABLE();
 574              		.loc 1 155 3 is_stmt 1 view .LVU127
 575              	.LBB2:
 576              		.loc 1 155 3 view .LVU128
 577 0012 0093     		str	r3, [sp]
 578              		.loc 1 155 3 view .LVU129
 579 0014 094B     		ldr	r3, .L40
 580 0016 1A6B     		ldr	r2, [r3, #48]
 581 0018 42F01002 		orr	r2, r2, #16
 582 001c 1A63     		str	r2, [r3, #48]
 583              		.loc 1 155 3 view .LVU130
 584 001e 1B6B     		ldr	r3, [r3, #48]
 585 0020 03F01003 		and	r3, r3, #16
 586 0024 0093     		str	r3, [sp]
 587              		.loc 1 155 3 view .LVU131
 588 0026 009B     		ldr	r3, [sp]
 589              	.LBE2:
 590              		.loc 1 155 3 view .LVU132
 156:BSP/ds18B20.c ****   GPIO_InitStruct.Pin = DATA_Pin;
 591              		.loc 1 156 3 view .LVU133
 592              		.loc 1 156 23 is_stmt 0 view .LVU134
 593 0028 0123     		movs	r3, #1
 594 002a 0193     		str	r3, [sp, #4]
 157:BSP/ds18B20.c ****   GPIO_InitStruct.Mode = GPIO_MODE_OUTPUT_PP;
 595              		.loc 1 157 3 is_stmt 1 view .LVU135
 596              		.loc 1 157 24 is_stmt 0 view .LVU136
 597 002c 0293     		str	r3, [sp, #8]
 158:BSP/ds18B20.c ****   GPIO_InitStruct.Pull = GPIO_NOPULL;
 598              		.loc 1 158 3 is_stmt 1 view .LVU137
 159:BSP/ds18B20.c ****   GPIO_InitStruct.Speed = GPIO_SPEED_FREQ_LOW;
 599              		.loc 1 159 3 view .LVU138
 160:BSP/ds18B20.c ****   HAL_GPIO_Init(GPIOE, &GPIO_InitStruct);
 600              		.loc 1 160 3 view .LVU139
 601 002e 0448     		ldr	r0, .L40+4
 602 0030 FFF7FEFF 		bl	HAL_GPIO_Init
 603              	.LVL75:
 161:BSP/ds18B20.c **** }
 604              		.loc 1 161 1 is_stmt 0 view .LVU140
 605 0034 07B0     		add	sp, sp, #28
 606              	.LCFI8:
 607              		.cfi_def_cfa_offset 4
 608              		@ sp needed
 609 0036 5DF804FB 		ldr	pc, [sp], #4
 610              	.L41:
 611 003a 00BF     		.align	2
 612              	.L40:
 613 003c 00380240 		.word	1073887232
 614 0040 00100240 		.word	1073876992
 615              		.cfi_endproc
 616              	.LFE249:
 618              		.section	.text.ds18b20_init,"ax",%progbits
 619              		.align	1
 620              		.global	ds18b20_init
ARM GAS  C:\Users\24120\AppData\Local\Temp\ccoQUhhJ.s 			page 15


 621              		.syntax unified
 622              		.thumb
 623              		.thumb_func
 625              	ds18b20_init:
 626              	.LFB250:
 162:BSP/ds18B20.c **** 
 163:BSP/ds18B20.c **** 
 164:BSP/ds18B20.c **** void ds18b20_init(void)
 165:BSP/ds18B20.c **** {
 627              		.loc 1 165 1 is_stmt 1 view -0
 628              		.cfi_startproc
 629              		@ args = 0, pretend = 0, frame = 0
 630              		@ frame_needed = 0, uses_anonymous_args = 0
 631 0000 08B5     		push	{r3, lr}
 632              	.LCFI9:
 633              		.cfi_def_cfa_offset 8
 634              		.cfi_offset 3, -8
 635              		.cfi_offset 14, -4
 166:BSP/ds18B20.c **** 	delay_us_init();
 636              		.loc 1 166 2 view .LVU142
 637 0002 FFF7FEFF 		bl	delay_us_init
 638              	.LVL76:
 167:BSP/ds18B20.c **** 	
 168:BSP/ds18B20.c **** 	DS18B20_Configuration();
 639              		.loc 1 168 2 view .LVU143
 640 0006 FFF7FEFF 		bl	DS18B20_Configuration
 641              	.LVL77:
 169:BSP/ds18B20.c **** 	ResetDS18B20();
 642              		.loc 1 169 2 view .LVU144
 643 000a FFF7FEFF 		bl	ResetDS18B20
 644              	.LVL78:
 170:BSP/ds18B20.c **** 	DS18B20Init(DS_PRECISION, DS_AlarmTH, DS_AlarmTL);
 645              		.loc 1 170 2 view .LVU145
 646 000e 8A22     		movs	r2, #138
 647 0010 6421     		movs	r1, #100
 648 0012 7F20     		movs	r0, #127
 649 0014 FFF7FEFF 		bl	DS18B20Init
 650              	.LVL79:
 171:BSP/ds18B20.c **** 	DS18B20StartConvert();
 651              		.loc 1 171 2 view .LVU146
 652 0018 FFF7FEFF 		bl	DS18B20StartConvert
 653              	.LVL80:
 172:BSP/ds18B20.c **** }
 654              		.loc 1 172 1 is_stmt 0 view .LVU147
 655 001c 08BD     		pop	{r3, pc}
 656              		.cfi_endproc
 657              	.LFE250:
 659              		.section	.text.ds18b20_read,"ax",%progbits
 660              		.align	1
 661              		.global	ds18b20_read
 662              		.syntax unified
 663              		.thumb
 664              		.thumb_func
 666              	ds18b20_read:
 667              	.LFB251:
 173:BSP/ds18B20.c **** 
 174:BSP/ds18B20.c **** 
ARM GAS  C:\Users\24120\AppData\Local\Temp\ccoQUhhJ.s 			page 16


 175:BSP/ds18B20.c **** float ds18b20_read(void)
 176:BSP/ds18B20.c **** {
 668              		.loc 1 176 1 is_stmt 1 view -0
 669              		.cfi_startproc
 670              		@ args = 0, pretend = 0, frame = 0
 671              		@ frame_needed = 0, uses_anonymous_args = 0
 672 0000 10B5     		push	{r4, lr}
 673              	.LCFI10:
 674              		.cfi_def_cfa_offset 8
 675              		.cfi_offset 4, -8
 676              		.cfi_offset 14, -4
 177:BSP/ds18B20.c **** 	unsigned char DL, DH;
 677              		.loc 1 177 2 view .LVU149
 178:BSP/ds18B20.c **** 	unsigned short TemperatureData;
 678              		.loc 1 178 2 view .LVU150
 179:BSP/ds18B20.c **** 	float Temperature;
 679              		.loc 1 179 2 view .LVU151
 180:BSP/ds18B20.c **** 
 181:BSP/ds18B20.c **** 	DisableINT();
 680              		.loc 1 181 14 view .LVU152
 182:BSP/ds18B20.c **** 	DS18B20StartConvert();
 681              		.loc 1 182 2 view .LVU153
 682 0002 FFF7FEFF 		bl	DS18B20StartConvert
 683              	.LVL81:
 183:BSP/ds18B20.c **** 	ResetDS18B20();
 684              		.loc 1 183 2 view .LVU154
 685 0006 FFF7FEFF 		bl	ResetDS18B20
 686              	.LVL82:
 184:BSP/ds18B20.c **** 	DS18B20WriteByte(SkipROM); 
 687              		.loc 1 184 2 view .LVU155
 688 000a CC20     		movs	r0, #204
 689 000c FFF7FEFF 		bl	DS18B20WriteByte
 690              	.LVL83:
 185:BSP/ds18B20.c **** 	DS18B20WriteByte(ReadScratchpad);
 691              		.loc 1 185 2 view .LVU156
 692 0010 BE20     		movs	r0, #190
 693 0012 FFF7FEFF 		bl	DS18B20WriteByte
 694              	.LVL84:
 186:BSP/ds18B20.c **** 	DL = DS18B20ReadByte();
 695              		.loc 1 186 2 view .LVU157
 696              		.loc 1 186 7 is_stmt 0 view .LVU158
 697 0016 FFF7FEFF 		bl	DS18B20ReadByte
 698              	.LVL85:
 699 001a 0446     		mov	r4, r0
 700              	.LVL86:
 187:BSP/ds18B20.c **** 	DH = DS18B20ReadByte(); 
 701              		.loc 1 187 2 is_stmt 1 view .LVU159
 702              		.loc 1 187 7 is_stmt 0 view .LVU160
 703 001c FFF7FEFF 		bl	DS18B20ReadByte
 704              	.LVL87:
 188:BSP/ds18B20.c **** 	EnableINT();
 705              		.loc 1 188 13 is_stmt 1 view .LVU161
 189:BSP/ds18B20.c **** 
 190:BSP/ds18B20.c **** 	TemperatureData = DH;
 706              		.loc 1 190 2 view .LVU162
 191:BSP/ds18B20.c **** 	TemperatureData <<= 8;
 707              		.loc 1 191 2 view .LVU163
ARM GAS  C:\Users\24120\AppData\Local\Temp\ccoQUhhJ.s 			page 17


 708              		.loc 1 191 18 is_stmt 0 view .LVU164
 709 0020 0002     		lsls	r0, r0, #8
 710              	.LVL88:
 711              		.loc 1 191 18 view .LVU165
 712 0022 80B2     		uxth	r0, r0
 713              	.LVL89:
 192:BSP/ds18B20.c **** 	TemperatureData |= DL;
 714              		.loc 1 192 2 is_stmt 1 view .LVU166
 715              		.loc 1 192 18 is_stmt 0 view .LVU167
 716 0024 0443     		orrs	r4, r4, r0
 717              	.LVL90:
 718              		.loc 1 192 18 view .LVU168
 719 0026 A4B2     		uxth	r4, r4
 720              	.LVL91:
 193:BSP/ds18B20.c **** 
 194:BSP/ds18B20.c **** 	Temperature = (float)((float)TemperatureData * 0.0625); //ÕłåĶŠ©ńÄćõĖ║0.0625Õ║?
 721              		.loc 1 194 2 is_stmt 1 view .LVU169
 722              		.loc 1 194 24 is_stmt 0 view .LVU170
 723 0028 07EE904A 		vmov	s15, r4	@ int
 724 002c B8EE670A 		vcvt.f32.u32	s0, s15
 725              	.LVL92:
 195:BSP/ds18B20.c **** 
 196:BSP/ds18B20.c **** 	return  Temperature;
 726              		.loc 1 196 2 is_stmt 1 view .LVU171
 197:BSP/ds18B20.c **** }
 727              		.loc 1 197 1 is_stmt 0 view .LVU172
 728 0030 DFED027A 		vldr.32	s15, .L46
 729 0034 20EE270A 		vmul.f32	s0, s0, s15
 730              	.LVL93:
 731              		.loc 1 197 1 view .LVU173
 732 0038 10BD     		pop	{r4, pc}
 733              	.LVL94:
 734              	.L47:
 735              		.loc 1 197 1 view .LVU174
 736 003a 00BF     		.align	2
 737              	.L46:
 738 003c 0000803D 		.word	1031798784
 739              		.cfi_endproc
 740              	.LFE251:
 742              		.text
 743              	.Letext0:
 744              		.file 2 "E:/STM32/Tools/arm-none-eabi-gcc/14.2.1-1.1.1/.content/arm-none-eabi/include/machine/_def
 745              		.file 3 "E:/STM32/Tools/arm-none-eabi-gcc/14.2.1-1.1.1/.content/arm-none-eabi/include/sys/_stdint.
 746              		.file 4 "Drivers/CMSIS/Device/ST/STM32F4xx/Include/stm32f407xx.h"
 747              		.file 5 "Drivers/STM32F4xx_HAL_Driver/Inc/stm32f4xx_hal_gpio.h"
 748              		.file 6 "BSP/delay_us.h"
 749              		.file 7 "Middlewares/Third_Party/FreeRTOS/Source/portable/GCC/ARM_CM4F/portmacro.h"
ARM GAS  C:\Users\24120\AppData\Local\Temp\ccoQUhhJ.s 			page 18


DEFINED SYMBOLS
                            *ABS*:00000000 ds18B20.c
C:\Users\24120\AppData\Local\Temp\ccoQUhhJ.s:21     .text.ResetDS18B20:00000000 $t
C:\Users\24120\AppData\Local\Temp\ccoQUhhJ.s:27     .text.ResetDS18B20:00000000 ResetDS18B20
C:\Users\24120\AppData\Local\Temp\ccoQUhhJ.s:136    .text.ResetDS18B20:00000080 $d
C:\Users\24120\AppData\Local\Temp\ccoQUhhJ.s:141    .text.DS18B20WriteByte:00000000 $t
C:\Users\24120\AppData\Local\Temp\ccoQUhhJ.s:147    .text.DS18B20WriteByte:00000000 DS18B20WriteByte
C:\Users\24120\AppData\Local\Temp\ccoQUhhJ.s:241    .text.DS18B20WriteByte:0000005c $d
C:\Users\24120\AppData\Local\Temp\ccoQUhhJ.s:246    .text.DS18B20ReadByte:00000000 $t
C:\Users\24120\AppData\Local\Temp\ccoQUhhJ.s:252    .text.DS18B20ReadByte:00000000 DS18B20ReadByte
C:\Users\24120\AppData\Local\Temp\ccoQUhhJ.s:361    .text.DS18B20ReadByte:00000074 $d
C:\Users\24120\AppData\Local\Temp\ccoQUhhJ.s:366    .text.ReadRom:00000000 $t
C:\Users\24120\AppData\Local\Temp\ccoQUhhJ.s:372    .text.ReadRom:00000000 ReadRom
C:\Users\24120\AppData\Local\Temp\ccoQUhhJ.s:427    .text.DS18B20Init:00000000 $t
C:\Users\24120\AppData\Local\Temp\ccoQUhhJ.s:433    .text.DS18B20Init:00000000 DS18B20Init
C:\Users\24120\AppData\Local\Temp\ccoQUhhJ.s:505    .text.DS18B20Init:00000048 $d
C:\Users\24120\AppData\Local\Temp\ccoQUhhJ.s:510    .text.DS18B20StartConvert:00000000 $t
C:\Users\24120\AppData\Local\Temp\ccoQUhhJ.s:516    .text.DS18B20StartConvert:00000000 DS18B20StartConvert
C:\Users\24120\AppData\Local\Temp\ccoQUhhJ.s:546    .text.DS18B20_Configuration:00000000 $t
C:\Users\24120\AppData\Local\Temp\ccoQUhhJ.s:552    .text.DS18B20_Configuration:00000000 DS18B20_Configuration
C:\Users\24120\AppData\Local\Temp\ccoQUhhJ.s:613    .text.DS18B20_Configuration:0000003c $d
C:\Users\24120\AppData\Local\Temp\ccoQUhhJ.s:619    .text.ds18b20_init:00000000 $t
C:\Users\24120\AppData\Local\Temp\ccoQUhhJ.s:625    .text.ds18b20_init:00000000 ds18b20_init
C:\Users\24120\AppData\Local\Temp\ccoQUhhJ.s:660    .text.ds18b20_read:00000000 $t
C:\Users\24120\AppData\Local\Temp\ccoQUhhJ.s:666    .text.ds18b20_read:00000000 ds18b20_read
C:\Users\24120\AppData\Local\Temp\ccoQUhhJ.s:738    .text.ds18b20_read:0000003c $d

UNDEFINED SYMBOLS
HAL_GPIO_WritePin
delay_us
vPortEnterCritical
HAL_GPIO_ReadPin
vPortExitCritical
HAL_GPIO_Init
delay_us_init
