ARM GAS  C:\Users\24120\AppData\Local\Temp\ccvcH2R9.s 			page 1


   1              		.cpu cortex-m4
   2              		.arch armv7e-m
   3              		.fpu fpv4-sp-d16
   4              		.eabi_attribute 27, 1
   5              		.eabi_attribute 28, 1
   6              		.eabi_attribute 20, 1
   7              		.eabi_attribute 21, 1
   8              		.eabi_attribute 23, 3
   9              		.eabi_attribute 24, 1
  10              		.eabi_attribute 25, 1
  11              		.eabi_attribute 26, 1
  12              		.eabi_attribute 30, 1
  13              		.eabi_attribute 34, 1
  14              		.eabi_attribute 18, 4
  15              		.file	"HDU.c"
  16              		.text
  17              	.Ltext0:
  18              		.cfi_sections	.debug_frame
  19              		.file 1 "BSP/HDU.c"
  20              		.global	bmHDU
  21              		.section	.rodata.bmHDU,"a"
  22              		.align	2
  25              	bmHDU:
  26 0000 4000     		.short	64
  27 0002 4000     		.short	64
  28 0004 0800     		.short	8
  29 0006 0100     		.short	1
  30 0008 00000000 		.word	_acHDU
  31 000c 00000000 		.word	_PalHDU
  32              		.section	.rodata._acHDU,"a"
  33              		.align	2
  36              	_acHDU:
  37 0000 00000000 		.ascii	"\000\000\000\000\000\000\000\000\000\000\000\000\014"
  37      00000000 
  37      00000000 
  37      0C
  38 000d 00000000 		.ascii	"\000\000\000\000\000\000\000\036\000\000\000\000\000"
  38      0000001E 
  38      00000000 
  38      00
  39 001a 00001F00 		.ascii	"\000\000\037\000\000\000\000\000\000\000\037\200\003"
  39      00000000 
  39      00001F80 
  39      03
  40 0027 00000000 		.ascii	"\000\000\000\000\000?\300\007\000\000\000\000\000?\340"
  40      003FC007 
  40      00000000 
  40      003FE0
  41 0036 0F000000 		.ascii	"\017\000\000\000\017\000\177\340?\200\000\000\017\300"
  41      0F007FE0 
  41      3F800000 
  41      0FC0
  42 0044 7FF07F80 		.ascii	"\177\360\177\200\000\000\017\360\177\361\377\200\000"
  42      00000FF0 
  42      7FF1FF80 
  42      00
  43 0051 000FFC7F 		.ascii	"\000\017\374\177\371\377\200\000\000\037\376?\371\377"
ARM GAS  C:\Users\24120\AppData\Local\Temp\ccvcH2R9.s 			page 2


  43      F9FF8000 
  43      001FFE3F 
  43      F9FF
  44 005f 8000001F 		.ascii	"\200\000\000\037\377\037\370\377\200\000\000\037\377"
  44      FF1FF8FF 
  44      8000001F 
  44      FF
  45 006c 9FFCFF80 		.ascii	"\237\374\377\200\000\000\037\377\317\374\377\200\000"
  45      00001FFF 
  45      CFFCFF80 
  45      00
  46 0079 003FFFC7 		.ascii	"\000?\377\307\374\377\200\000\000?\377\347\374\377\200"
  46      FCFF8000 
  46      003FFFE7 
  46      FCFF80
  47 0088 000007FF 		.ascii	"\000\000\007\377\343\374\377\200\000\000\000\377\363"
  47      E3FCFF80 
  47      000000FF 
  47      F3
  48 0095 FCFF8000 		.ascii	"\374\377\200\000\000\000?\363\374\377\200\000\000\000"
  48      00003FF3 
  48      FCFF8000 
  48      0000
  49 00a3 1FF9FCFF 		.ascii	"\037\371\374\377\000\000\000\000\017\371\374\377\000"
  49      00000000 
  49      0FF9FCFF 
  49      00
  50 00b0 00000007 		.ascii	"\000\000\000\007\371\374\377\000\000\000\000\003\375"
  50      F9FCFF00 
  50      00000003 
  50      FD
  51 00bd FCFE0000 		.ascii	"\374\376\000\000\000\370\001\374\374\376\000\000\007"
  51      00F801FC 
  51      FCFE0000 
  51      07
  52 00ca C001FCFD 		.ascii	"\300\001\374\375\376\000\000?\000\000\374\371\374\000"
  52      FE00003F 
  52      0000FCF9 
  52      FC00
  53 00d8 007C0000 		.ascii	"\000|\000\000\374\371\370\000\001\370\000\000\374\373"
  53      FCF9F800 
  53      01F80000 
  53      FCFB
  54 00e6 F80003F0 		.ascii	"\370\000\003\360\000\000\374\363\360\000\007\340\000"
  54      0000FCF3 
  54      F00007E0 
  54      00
  55 00f3 0079F7F0 		.ascii	"\000y\367\360\000\017\300\000\000y\347\340\000\037\300"
  55      000FC000 
  55      0079E7E0 
  55      001FC0
  56 0102 000079EF 		.ascii	"\000\000y\357\300\000\037\200\000\000\363\317\200\000"
  56      C0001F80 
  56      0000F3CF 
  56      8000
  57 0110 3F800000 		.ascii	"?\200\000\000\363\237\000\000?\200\000\000\347\276\000"
  57      F39F0000 
ARM GAS  C:\Users\24120\AppData\Local\Temp\ccvcH2R9.s 			page 3


  57      3F800000 
  57      E7BE00
  58 011f 003F8000 		.ascii	"\000?\200\000\000\347|\000\000?\300\000\001\316\360"
  58      00E77C00 
  58      003FC000 
  58      01CEF0
  59 012e 00003FC0 		.ascii	"\000\000?\300\000\001\235\340\000\000?\300\000\0033"
  59      00019DE0 
  59      00003FC0 
  59      000333
  60 013d 8000043F 		.ascii	"\200\000\004?\340\000\006f\000\000\010?\360\000\015"
  60      E0000666 
  60      0000083F 
  60      F0000D
  61 014c 98000030 		.ascii	"\230\000\0000\037\360\000\023 \000\000`\037\374\000"
  61      1FF00013 
  61      20000060 
  61      1FFC00
  62 015b 4C000001 		.ascii	"L\000\000\001\300\017\376\000\000\000\000\007\200\017"
  62      C00FFE00 
  62      00000007 
  62      800F
  63 0169 FF800000 		.ascii	"\377\200\000\000\000\037\000\007\377\340\000\000\000"
  63      001F0007 
  63      FFE00000 
  63      00
  64 0176 7C0003FF 		.ascii	"|\000\003\377\374\000\000\007\370\000\001\377\377\360"
  64      FC000007 
  64      F80001FF 
  64      FFF0
  65 0184 01FFE000 		.ascii	"\001\377\340\000\000\177\377\377\377\377\000\000\000"
  65      007FFFFF 
  65      FFFF0000 
  65      00
  66 0191 1FFFFFFF 		.ascii	"\037\377\377\377\374\000\000\000\007\377\377\377\340"
  66      FC000000 
  66      07FFFFFF 
  66      E0
  67 019e 00000000 		.ascii	"\000\000\000\000\377\377\377\000\000\000\000\000\017"
  67      FFFFFF00 
  67      00000000 
  67      0F
  68 01ab FFC00000 		.ascii	"\377\300\000\000\000\000\000\000\000\000\000\000\000"
  68      00000000 
  68      00000000 
  68      00
  69 01b8 00000000 		.ascii	"\000\000\000\000\000\000\000\000\000\000\000\000\000"
  69      00000000 
  69      00000000 
  69      00
  70 01c5 00000000 		.ascii	"\000\000\000\000\000\000\000\000\000\000\000\000\000"
  70      00000000 
  70      00000000 
  70      00
  71 01d2 004739C0 		.ascii	"\000G9\300\000\000\000\000\000E!\000\000\000\000\000"
  71      00000000 
  71      00452100 
ARM GAS  C:\Users\24120\AppData\Local\Temp\ccvcH2R9.s 			page 4


  71      00000000 
  72 01e2 004739C0 		.ascii	"\000G9\300\000\000\000\000\000A\011@\000\000\000\000"
  72      00000000 
  72      00410940 
  72      00000000 
  73 01f2 004739C0 		.ascii	"\000G9\300\000\000\000\000\000\000\000\000\000\000"
  73      00000000 
  73      00000000 
  73      0000
  74              		.section	.rodata._PalHDU,"a"
  75              		.align	2
  78              	_PalHDU:
  79 0000 02000000 		.word	2
  80 0004 00       		.byte	0
  81 0005 000000   		.space	3
  82 0008 00000000 		.word	0
  83              		.text
  84              	.Letext0:
  85              		.file 2 "BSP/GUI.h"
ARM GAS  C:\Users\24120\AppData\Local\Temp\ccvcH2R9.s 			page 5


DEFINED SYMBOLS
                            *ABS*:00000000 HDU.c
C:\Users\24120\AppData\Local\Temp\ccvcH2R9.s:25     .rodata.bmHDU:00000000 bmHDU
C:\Users\24120\AppData\Local\Temp\ccvcH2R9.s:22     .rodata.bmHDU:00000000 $d
C:\Users\24120\AppData\Local\Temp\ccvcH2R9.s:36     .rodata._acHDU:00000000 _acHDU
C:\Users\24120\AppData\Local\Temp\ccvcH2R9.s:78     .rodata._PalHDU:00000000 _PalHDU
C:\Users\24120\AppData\Local\Temp\ccvcH2R9.s:33     .rodata._acHDU:00000000 $d
C:\Users\24120\AppData\Local\Temp\ccvcH2R9.s:75     .rodata._PalHDU:00000000 $d

NO UNDEFINED SYMBOLS
